<?xml version="1.0" encoding="utf-8"?>
<log version="1.0" tool="runtool">

<msg id="1" tool="runtool">
  <type>log-start</type>
  <arg>2018/04/13 10:22:56</arg>
</msg>
<msg id="2" tool="runtool">
  <type>collector-starts</type>
</msg>
<msg id="3" tool="runtool">
  <type>marker-file</type>
  <arg>/home/q/qin/Documents/MAE31/TD2/HighPerformanceComputing/Projet2/advixe/projet2/e000/trc000/trc000.advixe</arg>
</msg>
<msg id="4" tool="trc">
  <type>PROCESS_START</type>
  <arg>/auto/q/qin/Documents/MAE31/TD2/HighPerformanceComputing/Projet2/a.out</arg>
  <arg>12446</arg>
  <severity>INFO</severity>
  <timestamp>Fri Apr 13 08:22:56 2018</timestamp>
</msg>
<msg id="5" tool="trc">
  <type>PROCESS_ANALYSIS_MODE</type>
  <arg>full</arg>
  <severity>INFO</severity>
  <timestamp>Fri Apr 13 08:22:56 2018</timestamp>
</msg>
<msg id="6" tool="trc">
  <type>LOAD_MODULE</type>
  <arg>/auto/q/qin/Documents/MAE31/TD2/HighPerformanceComputing/Projet2/a.out</arg>
  <arg>0x400000</arg>
  <arg>0x624c9f</arg>
  <severity>INFO</severity>
  <timestamp>Fri Apr 13 08:22:56 2018</timestamp>
</msg>
<msg id="7" tool="trc">
  <type>LOAD_MODULE</type>
  <arg>/lib64/ld-linux-x86-64.so.2</arg>
  <arg>0x7f097c184000</arg>
  <arg>0x7f097c3a51cf</arg>
  <severity>INFO</severity>
  <timestamp>Fri Apr 13 08:22:56 2018</timestamp>
</msg>
<msg id="8" tool="trc">
  <type>LOAD_MODULE</type>
  <arg>[vdso]</arg>
  <arg>0x7ffeeff6b000</arg>
  <arg>0x7ffeeff6badc</arg>
  <severity>INFO</severity>
  <timestamp>Fri Apr 13 08:22:56 2018</timestamp>
</msg>
<msg id="9" tool="trc">
  <type>LOAD_MODULE</type>
  <arg>/usr/lib/x86_64-linux-gnu/libstdc++.so.6</arg>
  <arg>0x7f0967537000</arg>
  <arg>0x7f096783d4bf</arg>
  <severity>INFO</severity>
  <timestamp>Fri Apr 13 08:22:56 2018</timestamp>
</msg>
<msg id="10" tool="trc">
  <type>LOAD_MODULE</type>
  <arg>/lib/x86_64-linux-gnu/libm.so.6</arg>
  <arg>0x7f0967294000</arg>
  <arg>0x7f09675150e7</arg>
  <severity>INFO</severity>
  <timestamp>Fri Apr 13 08:22:56 2018</timestamp>
</msg>
<msg id="11" tool="trc">
  <type>LOAD_MODULE</type>
  <arg>/lib/x86_64-linux-gnu/libgcc_s.so.1</arg>
  <arg>0x7f096707e000</arg>
  <arg>0x7f0967293677</arg>
  <severity>INFO</severity>
  <timestamp>Fri Apr 13 08:22:56 2018</timestamp>
</msg>
<msg id="12" tool="trc">
  <type>LOAD_MODULE</type>
  <arg>/lib/x86_64-linux-gnu/libc.so.6</arg>
  <arg>0x7f0966cd0000</arg>
  <arg>0x7f096705c837</arg>
  <severity>INFO</severity>
  <timestamp>Fri Apr 13 08:22:56 2018</timestamp>
</msg>
<msg id="13" tool="trc">
  <type>LOAD_MODULE</type>
  <arg>/lib/x86_64-linux-gnu/libdl.so.2</arg>
  <arg>0x7f0966acc000</arg>
  <arg>0x7f0966ccf0ff</arg>
  <severity>INFO</severity>
  <timestamp>Fri Apr 13 08:22:56 2018</timestamp>
</msg>
<msg id="14" tool="trc">
  <type>UNLOAD_MODULE</type>
  <arg>/auto/q/qin/Documents/MAE31/TD2/HighPerformanceComputing/Projet2/a.out</arg>
  <severity>INFO</severity>
  <timestamp>Fri Apr 13 08:23:05 2018</timestamp>
</msg>
<msg id="15" tool="trc">
  <type>UNLOAD_MODULE</type>
  <arg>/lib64/ld-linux-x86-64.so.2</arg>
  <severity>INFO</severity>
  <timestamp>Fri Apr 13 08:23:05 2018</timestamp>
</msg>
<msg id="16" tool="trc">
  <type>UNLOAD_MODULE</type>
  <arg>[vdso]</arg>
  <severity>INFO</severity>
  <timestamp>Fri Apr 13 08:23:05 2018</timestamp>
</msg>
<msg id="17" tool="trc">
  <type>UNLOAD_MODULE</type>
  <arg>/usr/lib/x86_64-linux-gnu/libstdc++.so.6</arg>
  <severity>INFO</severity>
  <timestamp>Fri Apr 13 08:23:05 2018</timestamp>
</msg>
<msg id="18" tool="trc">
  <type>UNLOAD_MODULE</type>
  <arg>/lib/x86_64-linux-gnu/libm.so.6</arg>
  <severity>INFO</severity>
  <timestamp>Fri Apr 13 08:23:05 2018</timestamp>
</msg>
<msg id="19" tool="trc">
  <type>UNLOAD_MODULE</type>
  <arg>/lib/x86_64-linux-gnu/libgcc_s.so.1</arg>
  <severity>INFO</severity>
  <timestamp>Fri Apr 13 08:23:05 2018</timestamp>
</msg>
<msg id="20" tool="trc">
  <type>UNLOAD_MODULE</type>
  <arg>/lib/x86_64-linux-gnu/libc.so.6</arg>
  <severity>INFO</severity>
  <timestamp>Fri Apr 13 08:23:05 2018</timestamp>
</msg>
<msg id="21" tool="trc">
  <type>UNLOAD_MODULE</type>
  <arg>/lib/x86_64-linux-gnu/libdl.so.2</arg>
  <severity>INFO</severity>
  <timestamp>Fri Apr 13 08:23:05 2018</timestamp>
</msg>
<msg id="22" tool="trc">
  <type>PROCESS_FINISH</type>
  <arg>/auto/q/qin/Documents/MAE31/TD2/HighPerformanceComputing/Projet2/a.out</arg>
  <arg>12446</arg>
  <arg>0x0</arg>
  <severity>INFO</severity>
  <timestamp>Fri Apr 13 08:23:05 2018</timestamp>
</msg>
<msg id="23" tool="runtool">
  <type>app-exit-code</type>
  <arg>0</arg>
</msg>
<msg id="24" tool="runtool">
  <type>marker-file</type>
  <arg>/home/q/qin/Documents/MAE31/TD2/HighPerformanceComputing/Projet2/advixe/projet2/e000/trc000/trc000.advixe</arg>
</msg>
<msg id="25" tool="runtool">
  <type>collector-done</type>
</msg>
<msg id="26" tool="runtool">
  <type>log-end</type>
  <arg>2018/04/13 10:23:09</arg>
</msg>

</log>

