11 [140405898966816] TRACE perfrun.launcher <> - ENTER: int main(int, char **)
12 [140405898966816] TRACE perfrun.launcher <> - ENTER: Start the collection
12 [140405898966816] INFO perfrun.launcher <> - argc = 7; cmdline = /opt/intel/advisor_2018.1.1.535164/bin64/advixe-runss --ui-output-format xml --ui-output-fd 31 --option-file /home/q/qin/Documents/MAE31/TD2/HighPerformanceComputing/Projet2/advixe/projet2/e000/hs009/config/runss.options 
12 [140405898966816] TRACE perfrun.launcher <> - ENTER: Initialize the launcher
14 [140405898966816] TRACE perfrun.launcher <> - ENTER: void runtool::CmdLineParser::declareOptions()
18 [140405898966816] TRACE perfrun.launcher <> - EXIT:  void runtool::CmdLineParser::declareOptions()
18 [140405898966816] TRACE perfrun.system <> - ENTER: static runtool::system::IController *runtool::system::IController::create()
18 [140405898966816] TRACE perfrun.system <> - ENTER: runtool::system::Controller::Controller()
18 [140405898966816] TRACE perfrun.system <> - EXIT:  runtool::system::Controller::Controller()
18 [140405898966816] TRACE perfrun.system <> - EXIT:  static runtool::system::IController *runtool::system::IController::create()
18 [140405898966816] INFO perfrun.launcher <> - plugin system has been added successfully
18 [140405898966816] INFO perfrun.launcher <> - plugin  has been added successfully
18 [140405898966816] INFO perfrun.launcher <> - plugin  has been added successfully
18 [140405898966816] INFO perfrun.launcher <> - plugin  has been added successfully
18 [140405898966816] INFO perfrun.launcher <> - plugin  has been added successfully
18 [140405898966816] INFO perfrun.launcher <> - plugin  has been added successfully
18 [140405898966816] INFO perfrun.launcher <> - plugin  has been added successfully
18 [140405898966816] INFO perfrun.launcher <> - plugin mrte has been added successfully
18 [140405898966816] INFO perfrun.launcher <> - plugin  has been added successfully
18 [140405898966816] INFO perfrun.launcher <> - plugin  has been added successfully
18 [140405898966816] INFO perfrun.launcher <> - plugin  has been added successfully
18 [140405898966816] INFO perfrun.launcher <> - plugin  has been added successfully
18 [140405898966816] INFO perfrun.launcher <> - plugin  has been added successfully
18 [140405898966816] TRACE perfrun.tpss <> - ENTER: static runtool::sdk::IController *runtool::tpss::IController::create()
18 [140405898966816] TRACE perfrun.tpss <> - ENTER: create tpss controller
19 [140405898966816] TRACE perfrun.tpss <> - EXIT:  create tpss controller
19 [140405898966816] TRACE perfrun.tpss <> - EXIT:  static runtool::sdk::IController *runtool::tpss::IController::create()
19 [140405898966816] INFO perfrun.launcher <> - plugin tpss has been added successfully
19 [140405898966816] INFO perfrun.launcher <> - plugin  has been added successfully
19 [140405898966816] INFO perfrun.launcher <> - plugin  has been added successfully
19 [140405898966816] INFO perfrun.launcher <> - plugin  has been added successfully
19 [140405898966816] INFO perfrun.launcher <> - plugin  has been added successfully
19 [140405898966816] INFO perfrun.launcher <> - plugin  has been added successfully
19 [140405898966816] INFO perfrun.launcher <> - plugin  has been added successfully
19 [140405898966816] INFO perfrun.launcher <> - the option was added --interval: Specify an interval of data collection (for example, sampling) in milliseconds.
19 [140405898966816] INFO perfrun.launcher <> - the option was added --follow-child: Profile process with or without children.
19 [140405898966816] INFO perfrun.launcher <> - the option was added --gelding: BADMSG: perfrun1.launcher.plugin_manager::gelding
19 [140405898966816] INFO perfrun.launcher <> - the option was added --time-source: Specify time source for measurement. Possible values: sys - wall clock time; tsc - time stamp counter; ext - time from an external source; auto - auto select accurate time source.
19 [140405898966816] INFO perfrun.launcher <> - the option was added --stack: Enable or disable collection of stacks.
19 [140405898966816] INFO perfrun.launcher <> - the option was added --stack-stitching: Enable or disable the stack stitching algorithm for Intel TBB-based applications.
19 [140405898966816] INFO perfrun.launcher <> - the option was added --type: Specify type of data to be collected. For example, --type cpu:counters,waiting:nostack,io.
19 [140405898966816] INFO perfrun.launcher <> - the option was added --mrte-mode: Specify Java/.NET/other managed runtime collection mode. Possible values: native - collect information only for native code; managed - collect information only for managed code; mixed - collect information for both managed and native code; auto - choose the mode based on binary type.
19 [140405898966816] INFO perfrun.launcher <> - the option was added --mrte-mode-list: List supported Java/.NET/other managed runtime collection modes.
19 [140405898966816] INFO perfrun.launcher <> - the option was added --mrte-type: Specify which managed runtimes to collect. Possible values: java - collect information for Java; dotnet - collect information for .NET; python - collect information for CPython. You can specify several values separated by comma.
19 [140405898966816] INFO perfrun.launcher <> - the option was added --mrte-type-list: List supported Java/.NET/other managed runtime types.
19 [140405898966816] INFO perfrun.launcher <> - the option was added --trace-strategy: Specify how to profile a process tree. <string> can be "<process>:trace:notrace" - profile the process but do not profile its children. Shorthand parameters: t - trace, nt - notrace. For example, "vtunedemo.exe:t:t".
19 [140405898966816] INFO perfrun.launcher <> - the option was added --collector: BADMSG: perfrun1.launcher.plugin_manager::collector
19 [140405898966816] INFO perfrun.launcher <> - the option was added --system-wide: Enable system-wide profiling. This mode may require additional permissions.
19 [140405898966816] INFO perfrun.launcher <> - the option was added --kvm-guest: Enable KVM guest OS profiling.
19 [140405898966816] INFO perfrun.launcher <> - the option was added --kvm-guest-kallsyms: Specify a local path to the /proc/kallsyms file copied from the guest OS for proper symbol resolution.
19 [140405898966816] INFO perfrun.launcher <> - the option was added --kvm-guest-modules: Specify a local path to the /proc/modules file copied from the guest OS for proper symbol resolution.
19 [140405898966816] INFO perfrun.launcher <> - the option was added --dump-vdso: Dump [vdso] to result directory
19 [140405898966816] INFO perfrun.launcher <> - the option was added --bandwidth-limits: Measure bandwidth limits
19 [140405898966816] INFO perfrun.launcher <> - the option was added --bandwidth-strategy: Bandwidth limits determination specific properties (example: --bandwidth-strategy array-size=0,duration=500).
19 [140405898966816] INFO perfrun.launcher <> - the option was added --bandwidth-config: List of benchmarks to run.
19 [140405898966816] INFO perfrun.launcher <> - the option was added --system-collector-config: Specify subcollectors. Possible values: all, vdso, container, device-info, none.
19 [140405898966816] INFO perfrun.launcher <> - the option was added --stackwalk: Specify stack unwinding method. Possible values: online - unwind stacks during collection; offline - unwind stacks after collection is finished.
19 [140405898966816] INFO perfrun.launcher <> - the option was added --filter-include: Filter data during collection. Possible values: contended=<on|off> - filter out uncontended events; contended_nostack=<time> - filter out stacks for contended events that take less than <time> microseconds; wait=<time> - ignore transitions and blocks with wait time less than <time> microseconds; wait_nostack=<time> - filter out stacks for waits that take less than <time> microseconds.
19 [140405898966816] INFO perfrun.launcher <> - the option was added --debug-pin: Debug PIN tool and runtime.
19 [140405898966816] INFO perfrun.launcher <> - the option was added --debug-exception: Disallow the application to set own abnormal termination handler.
19 [140405898966816] INFO perfrun.launcher <> - the option was added --trace-type: Specify the trace file granularity. Possible values: per-thread - per-thread trace file generation; per-process - per-process trace file generation.
19 [140405898966816] INFO perfrun.launcher <> - the option was added --instrumentation-type: Specify type of instrumentation.
20 [140405898966816] INFO perfrun.launcher <> - the option was added --altstack: Enable or disable usage of altstacks for profiling signal handlers.
20 [140405898966816] INFO perfrun.launcher <> - the option was added --profiling-signal: Alternate profiling signal.
20 [140405898966816] INFO perfrun.launcher <> - the option was added --memory-strategy: Specify a minimal memory object size to be traced and a hash table size for faster objects search; for example: --memory-strategy obj-size-min=1024,hash-table-size=4096.
20 [140405898966816] INFO perfrun.launcher <> - the option was added --target-system: BADMSG: perfrun1.launcher.plugin_manager::target-system
20 [140405898966816] TRACE perfrun.launcher <> - Update configuration: tmp directory = /tmp/advixe-tmp-qin
20 [140405898966816] TRACE perfrun.launcher <> - EXIT:  Initialize the launcher
20 [140405898966816] TRACE perfrun.launcher <> - ENTER: void runtool::CmdLineParser::parseOptionFile(const std::basic_string<char, std::char_traits<char>, std::allocator<char>> &)
22 [140405898966816] TRACE perfrun.launcher <> - EXIT:  void runtool::CmdLineParser::parseOptionFile(const std::basic_string<char, std::char_traits<char>, std::allocator<char>> &)
22 [140405898966816] INFO perfrun.launcher <> - create msngr2::ICliToolContext
22 [140405898966816] TRACE perfrun.launcher <> - ENTER: void runtool::CmdLineParser::validateParseResult() const
22 [140405898966816] TRACE perfrun.launcher <> - EXIT:  void runtool::CmdLineParser::validateParseResult() const
22 [140405898966816] TRACE perfrun.launcher <> - ENTER: void runtool::CmdLineParser::populate(runtool::IConfiguration *) const
22 [140405898966816] TRACE perfrun.launcher <> - Update configuration: action = start
22 [140405898966816] TRACE perfrun.launcher <> - Update configuration: collection type = launcher
22 [140405898966816] TRACE perfrun.launcher <> - Update configuration: compression level = 2
22 [140405898966816] TRACE perfrun.launcher <> - Update configuration: duration = 0 sec
22 [140405898966816] TRACE perfrun.launcher <> - Update configuration: data limit = 524288000 bytes
22 [140405898966816] TRACE perfrun.launcher <> - Update configuration: disc space limit = 0 bytes
22 [140405898966816] TRACE perfrun.launcher <> - Update configuration: return-app-exitcode = true
22 [140405898966816] TRACE perfrun.launcher <> - Update configuration: result directory = /home/q/qin/Documents/MAE31/TD2/HighPerformanceComputing/Projet2/advixe/projet2/e000/hs009
22 [140405898966816] TRACE perfrun.launcher <> - Update configuration: application = /home/q/qin/Documents/MAE31/TD2/HighPerformanceComputing/Projet2/a.out
22 [140405898966816] TRACE perfrun.launcher <> - [IN] option = interval; value = 10 !u32_t
22 [140405898966816] TRACE perfrun.launcher <> - [IN] option = follow-child; value = true !bool
22 [140405898966816] TRACE perfrun.launcher <> - [IN] option = gelding; value = false !bool
22 [140405898966816] TRACE perfrun.launcher <> - [IN] option = time-source; value = auto !ustring
22 [140405898966816] TRACE perfrun.launcher <> - [IN] option = stack; value = true !bool
22 [140405898966816] TRACE perfrun.launcher <> - [IN] option = stack-stitching; value = true !bool
22 [140405898966816] TRACE perfrun.launcher <> - [IN] option = type; value = cpu:stack !ustring
22 [140405898966816] TRACE perfrun.launcher <> - [IN] option = mrte-mode; value = auto !ustring
22 [140405898966816] TRACE perfrun.launcher <> - [IN] option = mrte-type; value = java !ustring
22 [140405898966816] TRACE perfrun.launcher <> - [IN] option = mrte-type; value = python !ustring
22 [140405898966816] TRACE perfrun.launcher <> - [IN] option = trace-strategy; value = ld-linux.so.2:notrace:notrace !ustring
22 [140405898966816] TRACE perfrun.launcher <> - [IN] option = trace-strategy; value = ld-linux-x86-64.so.2:notrace:notrace !ustring
22 [140405898966816] TRACE perfrun.launcher <> - [IN] option = collector; value = sep !ustring
22 [140405898966816] TRACE perfrun.launcher <> - [IN] option = system-wide; value = false !bool
22 [140405898966816] TRACE perfrun.launcher <> - [IN] option = kvm-guest; value = false !bool
22 [140405898966816] TRACE perfrun.launcher <> - [IN] option = bandwidth-limits; value = false !bool
22 [140405898966816] TRACE perfrun.launcher <> - [IN] option = bandwidth-config; value = dram !ustring
22 [140405898966816] TRACE perfrun.launcher <> - [IN] option = bandwidth-config; value = mcdram !ustring
22 [140405898966816] TRACE perfrun.launcher <> - [IN] option = bandwidth-config; value = cpu_cache !ustring
22 [140405898966816] TRACE perfrun.launcher <> - [IN] option = bandwidth-config; value = flop_peak !ustring
22 [140405898966816] TRACE perfrun.launcher <> - [IN] option = system-collector-config; value = all !ustring
22 [140405898966816] TRACE perfrun.launcher <> - [IN] option = stackwalk; value = offline !ustring
22 [140405898966816] TRACE perfrun.launcher <> - [IN] option = trace-type; value = per-thread !ustring
22 [140405898966816] TRACE perfrun.launcher <> - [IN] option = instrumentation-type; value = pin !ustring
22 [140405898966816] TRACE perfrun.launcher <> - [IN] option = altstack; value = true !bool
22 [140405898966816] TRACE perfrun.launcher <> - EXIT:  void runtool::CmdLineParser::populate(runtool::IConfiguration *) const
22 [140405792626432] TRACE perfrun.tpss <> - ENTER: void runtool::tpss::Controller::setMessageChannel(runtool::sdk::IMessageChannel *)
22 [140405792626432] TRACE perfrun.tpss <> - EXIT:  void runtool::tpss::Controller::setMessageChannel(runtool::sdk::IMessageChannel *)
22 [140405898966816] INFO perfrun.launcher <> - create file finder object
22 [140405792626432] TRACE perfrun.tpss <> - ENTER: void runtool::tpss::Controller::setRequestHandler(runtool::sdk::IRequestHandler *)
22 [140405792626432] TRACE perfrun.tpss <> - EXIT:  void runtool::tpss::Controller::setRequestHandler(runtool::sdk::IRequestHandler *)
22 [140405898966816] TRACE perfrun.launcher <> - Handle the user request: action = 0
22 [140405898966816] TRACE perfrun.launcher <> - ENTER: int runtool::Launcher::doStart()
22 [140405898966816] TRACE perfrun.launcher <> - ENTER: void runtool::Launcher::prepareLaunch()
22 [140405898966816] TRACE perfrun.launcher <> - ENTER: void runtool::Launcher::prepareResultDirectory()
22 [140405898966816] INFO perfrun.launcher <> - create a result directory: pattern = /home/q/qin/Documents/MAE31/TD2/HighPerformanceComputing/Projet2/advixe/projet2/e000/hs009 pid = 4294967295
31 [140405898966816] TRACE perfrun.sdk <> - ENTER: bool runtool::sdk::DirectoryInfo::isLocal() const
31 [140405898966816] INFO perfrun.sdk <> - checked that the directory /home/q/qin/Documents/MAE31/TD2/HighPerformanceComputing/Projet2/advixe/projet2/e000/hs009 is a local directory
31 [140405898966816] INFO perfrun.sdk <> - the directory /home/q/qin/Documents/MAE31/TD2/HighPerformanceComputing/Projet2/advixe/projet2/e000/hs009 is located on a share or its FS ID is unknown 26985
31 [140405898966816] TRACE perfrun.sdk <> - EXIT:  bool runtool::sdk::DirectoryInfo::isLocal() const
32 [140405898966816] INFO perfrun.launcher <> - Create a local result directory /tmp/advixe-tmp-qin/advixe-res-15176-23832479512929 due to the user result path /home/q/qin/Documents/MAE31/TD2/HighPerformanceComputing/Projet2/advixe/projet2/e000/hs009 is located on a share
32 [140405898966816] TRACE perfrun.launcher <> - Update configuration: result directory = /tmp/advixe-tmp-qin/advixe-res-15176-23832479512929
32 [140405898966816] INFO perfrun.launcher <> - create data directory = /tmp/advixe-tmp-qin/advixe-res-15176-23832479512929/data.0
33 [140405898966816] INFO perfrun.launcher <> - create data directory = /home/q/qin/Documents/MAE31/TD2/HighPerformanceComputing/Projet2/advixe/projet2/e000/hs009/data.0
34 [140405898966816] TRACE perfrun.launcher <> - Update configuration: data directory = /tmp/advixe-tmp-qin/advixe-res-15176-23832479512929/data.0
34 [140405898966816] TRACE perfrun.launcher <> - EXIT:  void runtool::Launcher::prepareResultDirectory()
37 [140405898966816] TRACE perfrun.launcher <> - IMessenger: send collection state with state = 11
37 [140405792626432] TRACE perfrun.launcher <> - Update configuration: follow child = 1
37 [140405792626432] TRACE perfrun.launcher <> - Update configuration: time source = 1
37 [140405792626432] TRACE perfrun.launcher <> - Update configuration: stack = 1
37 [140405792626432] TRACE perfrun.launcher <> - Update configuration: gelding = 0
37 [140405792626432] TRACE perfrun.launcher <> - Update configuration: stack stitching = 1
37 [140405792626432] TRACE perfrun.system <> - ENTER: int runtool::system::Controller::initialize(runtool::sdk::IConfiguration *)
38 [140405792626432] INFO perfrun.system <> - online nodes : 0
38 [140405792626432] TRACE perfrun.system <> - Failed to read mask from file: /sys/devices/system/node/has_cpu
38 [140405792626432] INFO perfrun.system <> - nodes with memory : 0
38 [140405792626432] TRACE perfrun.system <> - ENTER: int runtool::system::TraceWriter::initialize(runtool::sdk::IConfiguration *, runtool::system::TraceWriter::Settings *)
38 [140405792626432] TRACE perfrun.sdk <> - 0x77d5202
38 [140405792626432] TRACE perfrun.sdk <> - ENTER: runtool::sdk::TraceFile::TraceFile(tpss_tmu_creator *, unsigned int, const std::basic_string<char, std::char_traits<char>, std::allocator<char>> &, bool)
38 [140405792626432] INFO perfrun.sdk <> - Allocating TMU :/tmp/advixe-tmp-qin/advixe-res-15176-23832479512929/data.0/systemcollector-15176-morpheus02.sc
38 [140405792626432] TRACE perfrun.sdk <> - EXIT:  runtool::sdk::TraceFile::TraceFile(tpss_tmu_creator *, unsigned int, const std::basic_string<char, std::char_traits<char>, std::allocator<char>> &, bool)
38 [140405792626432] TRACE perfrun.system <> - EXIT:  int runtool::system::TraceWriter::initialize(runtool::sdk::IConfiguration *, runtool::system::TraceWriter::Settings *)
38 [140405792626432] TRACE perfrun.system <> - EXIT:  int runtool::system::Controller::initialize(runtool::sdk::IConfiguration *)
38 [140405792626432] INFO perfrun.launcher <> - plugin [] was disabled because it doesn't support the given collection type.
38 [140405792626432] INFO perfrun.launcher <> - plugin [] was disabled because it doesn't support the given collection type.
38 [140405792626432] INFO perfrun.launcher <> - plugin [] was disabled because it doesn't support the given collection type.
38 [140405792626432] INFO perfrun.launcher <> - plugin [] was disabled because it doesn't support the given collection type.
38 [140405792626432] INFO perfrun.launcher <> - plugin [] was disabled because it doesn't support the given collection type.
38 [140405792626432] INFO perfrun.launcher <> - plugin [] was disabled because it doesn't support the given collection type.
38 [140405792626432] TRACE perfrun.mrte <> - ENTER: int runtool::mrte::Controller::initialize(runtool::sdk::IConfiguration *)
38 [140405792626432] TRACE perfrun.mrte <> - EXIT:  int runtool::mrte::Controller::initialize(runtool::sdk::IConfiguration *)
38 [140405792626432] INFO perfrun.launcher <> - plugin [mrte] was disabled because it doesn't support the given collection type.
38 [140405792626432] INFO perfrun.launcher <> - plugin [] was disabled because it doesn't support the given collection type.
38 [140405792626432] INFO perfrun.launcher <> - plugin [] was disabled because it doesn't support the given collection type.
38 [140405792626432] INFO perfrun.launcher <> - plugin [] was disabled because it doesn't support the given collection type.
38 [140405792626432] INFO perfrun.launcher <> - plugin [] was disabled because it doesn't support the given collection type.
38 [140405792626432] INFO perfrun.launcher <> - plugin [] was disabled because it doesn't support the given collection type.
38 [140405792626432] TRACE perfrun.tpss <> - ENTER: int runtool::tpss::Controller::initialize(runtool::sdk::IConfiguration *)
38 [140405792626432] INFO perfrun.tpss <> - initialize tpss controller
38 [140405792626432] TRACE perfrun.tpss <> - ENTER: bool runtool::tpss::Controller::configureCollectionMode(const std::basic_string<char, std::char_traits<char>, std::allocator<char>> &)
38 [140405792626432] INFO perfrun.tpss <> - configure collection mode: value = cpu:stack
38 [140405792626432] TRACE perfrun.tpss <> - EXIT:  bool runtool::tpss::Controller::configureCollectionMode(const std::basic_string<char, std::char_traits<char>, std::allocator<char>> &)
38 [140405792626432] TRACE perfrun.tpss <> - ENTER: tpss::trace_file_t runtool::tpss::castTraceFileType(const gen_helpers2::variant_t &)
38 [140405792626432] TRACE perfrun.tpss <> - EXIT:  tpss::trace_file_t runtool::tpss::castTraceFileType(const gen_helpers2::variant_t &)
38 [140405792626432] INFO perfrun.tpss <> - default obj-size-min=1024
38 [140405792626432] INFO perfrun.tpss <> - default hash-table-size=0
38 [140405792626432] TRACE perfrun.tpss <> - EXIT:  int runtool::tpss::Controller::initialize(runtool::sdk::IConfiguration *)
38 [140405792626432] INFO perfrun.launcher <> - plugin [] was disabled because it doesn't support the given collection type.
38 [140405792626432] INFO perfrun.launcher <> - plugin [] was disabled because it doesn't support the given collection type.
38 [140405792626432] INFO perfrun.launcher <> - plugin [] was disabled because it doesn't support the given collection type.
38 [140405792626432] INFO perfrun.launcher <> - plugin [] was disabled because it doesn't support the given collection type.
38 [140405792626432] INFO perfrun.launcher <> - plugin [] was disabled because it doesn't support the given collection type.
38 [140405792626432] INFO perfrun.launcher <> - plugin [] was disabled because it doesn't support the given collection type.
38 [140405898966816] TRACE perfrun.launcher <> - RpcServer was created for IPC filename = /home/q/qin/Documents/MAE31/TD2/HighPerformanceComputing/Projet2/advixe/projet2/e000/hs009/runtool.15176.ipc
38 [140405898966816] TRACE perfrun.launcher <> - RpcServer: setup all handlers at once
38 [140405898966816] TRACE perfrun.launcher <> - RpcServer: setup a handler for ICancelRequest
38 [140405898966816] TRACE perfrun.launcher <> - RpcServer: setup a handler for IPauseRequest
38 [140405898966816] TRACE perfrun.launcher <> - RpcServer: setup a handler for IResumeRequest
38 [140405898966816] TRACE perfrun.launcher <> - RpcServer: setup a handler for IStopRequest
38 [140405898966816] TRACE perfrun.launcher <> - RpcServer: setup a handler for IStatusRequest
38 [140405898966816] TRACE perfrun.launcher <> - RpcServer: setup a handler for IDetachRequest
38 [140405898966816] TRACE perfrun.launcher <> - RpcServer: setup a handler for IMarkRequest
38 [140405898966816] INFO perfrun.launcher <> - RpcServer: run RPC server to handle requests
39 [140405898966816] DEBUG perfrun.launcher <> - RpcServer: wrote information about the RPC server into the IPC file
40 [140405779121920] TRACE perfrun.launcher <> - ENTER: RpcServer: the main loop handles RPC requests  from clients
40 [140405898966816] TRACE perfrun.launcher <> - IMessenger: send collection state with state = 1
40 [140405898966816] TRACE perfrun.launcher <> - EXIT:  void runtool::Launcher::prepareLaunch()
40 [140405898966816] INFO perfrun.launcher <> - Launcher: command line to start before modification = /home/q/qin/Documents/MAE31/TD2/HighPerformanceComputing/Projet2/a.out
40 [140405792626432] TRACE perfrun.tpss <> - ENTER: void runtool::tpss::Controller::modifyCommandLine(std::basic_string<char, std::char_traits<char>, std::allocator<char>> &) const
40 [140405792626432] TRACE perfrun.tpss <> - EXIT:  void runtool::tpss::Controller::modifyCommandLine(std::basic_string<char, std::char_traits<char>, std::allocator<char>> &) const
40 [140405898966816] INFO perfrun.launcher <> - Launcher: command line to start after modification = /opt/intel/advisor_2018.1.1.535164/bin64/pin -error_file /tmp/advixe-tmp-qin/advixe-res-15176-23832479512929/data.0/pinerr.tpsslog -detach_reattach -follow_execv -tool_load_option deepbind -t64 /opt/intel/advisor_2018.1.1.535164/lib64/libtpsstool.so -t /opt/intel/advisor_2018.1.1.535164/lib32/libtpsstool.so -server_name tpss_ipc.15176 -prd_dir /opt/intel/advisor_2018.1.1.535164 -- /home/q/qin/Documents/MAE31/TD2/HighPerformanceComputing/Projet2/a.out
40 [140405898966816] INFO perfrun.launcher <> - ProcessCreator object was created
40 [140405898966816] TRACE perfrun.launcher <> - ENTER: unsigned int runtool::ProcessCreator::start(bool)
41 [140405898966816] TRACE perfrun.launcher <> - EXIT:  unsigned int runtool::ProcessCreator::start(bool)
41 [140405898966816] INFO perfrun.launcher <> - Launcher: the process was started in suspend mode
41 [140405792626432] TRACE perfrun.system <> - ENTER: void runtool::system::Controller::onEvent(runtool::sdk::collection_state_t)
41 [140405792626432] TRACE perfrun.system <> - EXIT:  void runtool::system::Controller::onEvent(runtool::sdk::collection_state_t)
41 [140405792626432] TRACE perfrun.system <> - ENTER: bool runtool::system::Controller::start(unsigned int)
89 [140405792626432] INFO perfrun.system <> - Helper runtool '/opt/intel/advisor_2018.1.1.535164/bin32/advixe-runss -dump-vdso -r /tmp/advixe-tmp-qin/advixe-res-15176-23832479512929 --tmp-dir /tmp/advixe-tmp-qin' returned 0
129 [140405792626432] INFO perfrun.system <> - Helper runtool '/opt/intel/advisor_2018.1.1.535164/bin64/advixe-runss -dump-vdso -r /tmp/advixe-tmp-qin/advixe-res-15176-23832479512929 --tmp-dir /tmp/advixe-tmp-qin' returned 0
129 [140405792626432] TRACE perfrun.launcher <> - IMessenger: send message with severity = 1 and msg = Peak bandwidth measurement started.
129 [140405792626432] INFO perfrun.launcher <> - Messenger::say: Peak bandwidth measurement started.
129 [140405792626432] TRACE perfrun.system <> - Max bandwidth measurement: array_size(b)=25165824 duration(ms)=100
3507 [140405792626432] TRACE perfrun.launcher <> - IMessenger: send message with severity = 1 and msg = Peak bandwidth measurement finished.
3507 [140405792626432] INFO perfrun.launcher <> - Messenger::say: Peak bandwidth measurement finished.
3507 [140405792626432] TRACE perfrun.system <> - ENTER: bool runtool::system::getVideoAdapters(std::vector<runtool::system::gpu_adapter_t, std::allocator<runtool::system::gpu_adapter_t>> &)
3537 [140405792626432] TRACE perfrun.system <> - EXIT:  bool runtool::system::getVideoAdapters(std::vector<runtool::system::gpu_adapter_t, std::allocator<runtool::system::gpu_adapter_t>> &)
3537 [140405792626432] TRACE perfrun.sdk <> - ENTER: bool runtool::sdk::runSystemCmd(const std::basic_string<char, std::char_traits<char>, std::allocator<char>> &, std::basic_string<char, std::char_traits<char>, std::allocator<char>> *, bool, const std::basic_string<char, std::char_traits<char>, std::allocator<char>> &)
3537 [140405792626432] WARN perfrun.sdk <> - Failed to find xl binary on any of the system paths: /bin, /sbin, /usr/bin, /usr/sbin., at file: vcs/perfrun1/sdk/src/utils.cpp:423
3537 [140405792626432] TRACE perfrun.sdk <> - EXIT:  bool runtool::sdk::runSystemCmd(const std::basic_string<char, std::char_traits<char>, std::allocator<char>> &, std::basic_string<char, std::char_traits<char>, std::allocator<char>> *, bool, const std::basic_string<char, std::char_traits<char>, std::allocator<char>> &)
3540 [140405792626432] TRACE perfrun.system <> - EXIT:  bool runtool::system::Controller::start(unsigned int)
3540 [140405792626432] TRACE perfrun.tpss <> - ENTER: bool runtool::tpss::Controller::start(unsigned int)
3540 [140405792626432] INFO perfrun.tpss <> - start tpss controller for pid #15188
3590 [140405792626432] TRACE perfrun.tpss <> - EXIT:  bool runtool::tpss::Controller::start(unsigned int)
3590 [140405792626432] TRACE perfrun.system <> - ENTER: void runtool::system::Controller::onEvent(runtool::sdk::collection_state_t)
3590 [140405792626432] TRACE perfrun.system <> - EXIT:  void runtool::system::Controller::onEvent(runtool::sdk::collection_state_t)
3590 [140405898966816] INFO perfrun.launcher <> - Launcher: all plugins were started
3590 [140405898966816] INFO perfrun.launcher <> - DirectoryMonitor object was created
3590 [140405898966816] INFO perfrun.launcher <> - DirectoryMonitor: a callback was added
3590 [140405898966816] INFO perfrun.launcher <> - DirectoryMonitor was started with pingTime = 1000
3590 [140405898966816] INFO perfrun.launcher <> - DeadlineTimer is going to be constructed
3591 [140405898966816] INFO perfrun.launcher <> - DeadlineTimer: a callback was added
3595 [140405898966816] TRACE perfrun.launcher <> - ENTER: void runtool::ProcessCreator::resume()
3595 [140405898966816] DEBUG perfrun.launcher <> - ProcessCreator: the process with pid = 15188 is resumed
3596 [140405898966816] TRACE perfrun.launcher <> - EXIT:  void runtool::ProcessCreator::resume()
3596 [140405898966816] INFO perfrun.launcher <> - Launcher: resume the profiled application and  wait its termination or stop command
3596 [140405898966816] TRACE perfrun.launcher <> - ENTER: int runtool::ProcessCreator::wait()
4591 [140405584680704] TRACE perfrun.launcher <> - ENTER: void runtool::DeadlineTimer::notify(const boost::system::error_code &)
4591 [140405584680704] TRACE perfrun.launcher <> - ENTER: void runtool::DirectoryMonitor::notifyAll()
4591 [140405584680704] TRACE perfrun.sdk <> - ENTER: void runtool::sdk::getFilesFromDirectoryByExt(const std::basic_string<char, std::char_traits<char>, std::allocator<char>> &, const std::basic_string<char, std::char_traits<char>, std::allocator<char>> &, std::list<std::basic_string<char, std::char_traits<char>, std::allocator<char>>, std::allocator<std::basic_string<char, std::char_traits<char>, std::allocator<char>>>> &)
4600 [140405584680704] TRACE perfrun.sdk <> - EXIT:  void runtool::sdk::getFilesFromDirectoryByExt(const std::basic_string<char, std::char_traits<char>, std::allocator<char>> &, const std::basic_string<char, std::char_traits<char>, std::allocator<char>> &, std::list<std::basic_string<char, std::char_traits<char>, std::allocator<char>>, std::allocator<std::basic_string<char, std::char_traits<char>, std::allocator<char>>>> &)
4602 [140405584680704] DEBUG perfrun.launcher <> - DirectoryInfo: total size of monitored paths is 0 bytes
4602 [140405584680704] TRACE perfrun.launcher <> - EXIT:  void runtool::DirectoryMonitor::notifyAll()
4602 [140405584680704] TRACE perfrun.launcher <> - EXIT:  void runtool::DeadlineTimer::notify(const boost::system::error_code &)
5602 [140405584680704] TRACE perfrun.launcher <> - ENTER: void runtool::DeadlineTimer::notify(const boost::system::error_code &)
5602 [140405584680704] TRACE perfrun.launcher <> - ENTER: void runtool::DirectoryMonitor::notifyAll()
5602 [140405584680704] TRACE perfrun.sdk <> - ENTER: void runtool::sdk::getFilesFromDirectoryByExt(const std::basic_string<char, std::char_traits<char>, std::allocator<char>> &, const std::basic_string<char, std::char_traits<char>, std::allocator<char>> &, std::list<std::basic_string<char, std::char_traits<char>, std::allocator<char>>, std::allocator<std::basic_string<char, std::char_traits<char>, std::allocator<char>>>> &)
5605 [140405584680704] TRACE perfrun.sdk <> - EXIT:  void runtool::sdk::getFilesFromDirectoryByExt(const std::basic_string<char, std::char_traits<char>, std::allocator<char>> &, const std::basic_string<char, std::char_traits<char>, std::allocator<char>> &, std::list<std::basic_string<char, std::char_traits<char>, std::allocator<char>>, std::allocator<std::basic_string<char, std::char_traits<char>, std::allocator<char>>>> &)
5605 [140405584680704] DEBUG perfrun.launcher <> - DirectoryInfo: total size of monitored paths is 0 bytes
5605 [140405584680704] TRACE perfrun.launcher <> - EXIT:  void runtool::DirectoryMonitor::notifyAll()
5605 [140405584680704] TRACE perfrun.launcher <> - EXIT:  void runtool::DeadlineTimer::notify(const boost::system::error_code &)
6606 [140405584680704] TRACE perfrun.launcher <> - ENTER: void runtool::DeadlineTimer::notify(const boost::system::error_code &)
6606 [140405584680704] TRACE perfrun.launcher <> - ENTER: void runtool::DirectoryMonitor::notifyAll()
6606 [140405584680704] TRACE perfrun.sdk <> - ENTER: void runtool::sdk::getFilesFromDirectoryByExt(const std::basic_string<char, std::char_traits<char>, std::allocator<char>> &, const std::basic_string<char, std::char_traits<char>, std::allocator<char>> &, std::list<std::basic_string<char, std::char_traits<char>, std::allocator<char>>, std::allocator<std::basic_string<char, std::char_traits<char>, std::allocator<char>>>> &)
6633 [140405584680704] TRACE perfrun.sdk <> - EXIT:  void runtool::sdk::getFilesFromDirectoryByExt(const std::basic_string<char, std::char_traits<char>, std::allocator<char>> &, const std::basic_string<char, std::char_traits<char>, std::allocator<char>> &, std::list<std::basic_string<char, std::char_traits<char>, std::allocator<char>>, std::allocator<std::basic_string<char, std::char_traits<char>, std::allocator<char>>>> &)
6634 [140405584680704] DEBUG perfrun.launcher <> - DirectoryInfo: total size of monitored paths is 0 bytes
6634 [140405584680704] TRACE perfrun.launcher <> - EXIT:  void runtool::DirectoryMonitor::notifyAll()
6634 [140405584680704] TRACE perfrun.launcher <> - EXIT:  void runtool::DeadlineTimer::notify(const boost::system::error_code &)
7084 [140405898966816] TRACE perfrun.launcher <> - EXIT:  int runtool::ProcessCreator::wait()
7084 [140405898966816] INFO perfrun.launcher <> - Launcher: the profiled application was terminated  with exit code = 0
7084 [140405898966816] TRACE perfrun.sdk <> - ENTER: void runtool::sdk::getFilesFromDirectoryByExt(const std::basic_string<char, std::char_traits<char>, std::allocator<char>> &, const std::basic_string<char, std::char_traits<char>, std::allocator<char>> &, std::list<std::basic_string<char, std::char_traits<char>, std::allocator<char>>, std::allocator<std::basic_string<char, std::char_traits<char>, std::allocator<char>>>> &)
7100 [140405898966816] TRACE perfrun.sdk <> - EXIT:  void runtool::sdk::getFilesFromDirectoryByExt(const std::basic_string<char, std::char_traits<char>, std::allocator<char>> &, const std::basic_string<char, std::char_traits<char>, std::allocator<char>> &, std::list<std::basic_string<char, std::char_traits<char>, std::allocator<char>>, std::allocator<std::basic_string<char, std::char_traits<char>, std::allocator<char>>>> &)
7101 [140405792626432] TRACE perfrun.system <> - ENTER: void runtool::system::Controller::onEvent(runtool::sdk::collection_state_t)
7101 [140405792626432] TRACE perfrun.system <> - EXIT:  void runtool::system::Controller::onEvent(runtool::sdk::collection_state_t)
7101 [140405792626432] TRACE perfrun.system <> - ENTER: bool runtool::system::Controller::stop()
7104 [140405792626432] TRACE perfrun.system <> - EXIT:  bool runtool::system::Controller::stop()
7104 [140405792626432] TRACE perfrun.tpss <> - ENTER: bool runtool::tpss::Controller::stop()
7104 [140405792626432] INFO perfrun.tpss <> - stop tpss controller
7104 [140405792626432] TRACE perfrun.tpss <> - EXIT:  bool runtool::tpss::Controller::stop()
7104 [140405792626432] TRACE perfrun.system <> - ENTER: void runtool::system::Controller::onEvent(runtool::sdk::collection_state_t)
7104 [140405792626432] TRACE perfrun.sdk <> - ENTER: void runtool::sdk::TraceFile::close(boost::system::error_code &)
7104 [140405792626432] INFO perfrun.sdk <> - De-allocating TMU: /tmp/advixe-tmp-qin/advixe-res-15176-23832479512929/data.0/systemcollector-15176-morpheus02.sc
7104 [140405792626432] TRACE perfrun.sdk <> - EXIT:  void runtool::sdk::TraceFile::close(boost::system::error_code &)
7104 [140405792626432] INFO perfrun.system <> - closed the system trace file: /tmp/advixe-tmp-qin/advixe-res-15176-23832479512929/data.0/systemcollector-15176-morpheus02.sc
7104 [140405792626432] TRACE perfrun.system <> - EXIT:  void runtool::system::Controller::onEvent(runtool::sdk::collection_state_t)
7104 [140405898966816] TRACE perfrun.launcher <> - ENTER: void runtool::ProcessSetMonitor<T>::stop() [with T = unsigned int]
7105 [140405898966816] TRACE perfrun.launcher <> - EXIT:  void runtool::ProcessSetMonitor<T>::stop() [with T = unsigned int]
7105 [140405898966816] TRACE perfrun.launcher <> - ENTER: void runtool::ProcessCreator::stop()
7105 [140405898966816] TRACE perfrun.launcher <> - EXIT:  void runtool::ProcessCreator::stop()
7105 [140405898966816] INFO perfrun.launcher <> - Launcher: all plugins were stopped.
7105 [140405898966816] INFO perfrun.launcher <> - DeadlineTimer is going to be destroyed
7105 [140405898966816] INFO perfrun.launcher <> - DirectoryMonitor object was destroyed
7105 [140405898966816] WARN perfrun.launcher <> - Stop command is ignored because it is received when collection is already stopped, at file: vcs/perfrun1/launcher/src/command_handler.cpp:201
7105 [140405898966816] TRACE perfrun.launcher <> - ENTER: void runtool::Launcher::shutdownLaunch()
7109 [140405898966816] TRACE perfrun.launcher <> - ENTER: Send RPC request
7109 [140405779121920] TRACE perfrun.launcher <> - ENTER: Receive RPC request
7109 [140405898966816] TRACE perfrun.launcher <> - header and body of the message was send: header = 22 serialization::archive 10 0 0 8 0 0 0 0; body = 22 serialization::archive 10 0 0 8 0 0 0 0
7109 [140405898966816] TRACE perfrun.launcher <> - EXIT:  Send RPC request
7109 [140405779121920] TRACE perfrun.launcher <> - header of the message was received: size = 8; message =       2a
7109 [140405779121920] TRACE perfrun.launcher <> - body of the message was received: size = 42; message = 22 serialization::archive 10 0 0 8 0 0 0 0
7109 [140405779121920] TRACE perfrun.launcher <> - EXIT:  Receive RPC request
7109 [140405779121920] TRACE perfrun.launcher <> - EXIT:  RpcServer: the main loop handles RPC requests  from clients
7343 [140405898966816] TRACE perfrun.sdk <> - ENTER: void runtool::sdk::getFilesFromDirectoryByExt(const std::basic_string<char, std::char_traits<char>, std::allocator<char>> &, const std::basic_string<char, std::char_traits<char>, std::allocator<char>> &, std::list<std::basic_string<char, std::char_traits<char>, std::allocator<char>>, std::allocator<std::basic_string<char, std::char_traits<char>, std::allocator<char>>>> &)
7422 [140405898966816] TRACE perfrun.sdk <> - EXIT:  void runtool::sdk::getFilesFromDirectoryByExt(const std::basic_string<char, std::char_traits<char>, std::allocator<char>> &, const std::basic_string<char, std::char_traits<char>, std::allocator<char>> &, std::list<std::basic_string<char, std::char_traits<char>, std::allocator<char>>, std::allocator<std::basic_string<char, std::char_traits<char>, std::allocator<char>>>> &)
7422 [140405898966816] TRACE perfrun.launcher <> - EXIT:  void runtool::Launcher::shutdownLaunch()
7422 [140405898966816] TRACE perfrun.launcher <> - EXIT:  int runtool::Launcher::doStart()
7422 [140405898966816] TRACE perfrun.launcher <> - IMessenger: send collection state with state = 3
7422 [140405898966816] INFO perfrun.launcher <> - Application exit code: 0
7422 [140405898966816] INFO perfrun.launcher <> - Exit code: 0
7423 [140405898966816] TRACE perfrun.launcher <> - EXIT:  Start the collection
7423 [140405898966816] TRACE perfrun.launcher <> - ENTER: Destroy the launcher...
7423 [140405898966816] TRACE perfrun.launcher <> - EXIT:  Destroy the launcher...
7423 [140405898966816] TRACE perfrun.launcher <> - ENTER: runtool::ProcessCreator::~ProcessCreator()
7423 [140405898966816] TRACE perfrun.launcher <> - ENTER: void runtool::ProcessCreator::stop()
7423 [140405898966816] TRACE perfrun.launcher <> - EXIT:  void runtool::ProcessCreator::stop()
7423 [140405898966816] TRACE perfrun.launcher <> - EXIT:  runtool::ProcessCreator::~ProcessCreator()
7423 [140405898966816] TRACE perfrun.launcher <> - PluginManagerProxy::doOperation thread was terminated.
7434 [140405898966816] TRACE perfrun.launcher <> - EXIT:  int main(int, char **)
