Collection status has changed. 1
Collection has been started.
Peak bandwidth measurement started.
Peak bandwidth measurement finished.
Collection has stopped. Application exit code:  0
Finalizing results
Finalizing the result
Clearing the database
The database has been cleared, elapsed time is 0.212 seconds.
Loading raw data to the database
Loading 'systemcollector-15176-morpheus02.sc' file
Loading '15176-15188.0.trace' file
Updating precomputed scalar metrics
Raw data has been loaded to the database, elapsed time is 0.758 seconds.
Processing profile metrics and debug information
Data transformations have been finished, elapsed time is 0.000 seconds.
Setting data model parameters
Resolving module symbols
Resolving information for `libstdc++.so.6'
Resolving information for `libc.so.6'
Warning: Cannot locate debugging information for file `/usr/lib/x86_64-linux-gnu/libstdc++.so.6'.
Cannot match the module with the symbol file `/usr/lib/x86_64-linux-gnu/libstdc++.so.6.0.17'. Make sure to specify the correct path to the symbol file in the Binary/Symbol Search list of directories.
Resolving information for `a.out'
Resolving information for `libtpsstool.so'
Warning: Cannot locate debugging information for file `/opt/intel/advisor_2018.1.1.535164/lib64/libtpsstool.so'.
Resolving bottom user stack information
Resolving thread name information
Resolving call target names for dynamic code
Symbol resolution has been finished, elapsed time is 0.684 seconds.
Processing profile metrics and debug information
Deferred data transformations have been finished, elapsed time is 0.014 seconds.
Setting data model parameters
Data model parameters have been set, elapsed time is 0.032 seconds.
Precomputing frequently used data
Precomputing frequently used data
Updating precomputed scalar metrics
Precomputing frequently used data has been finished, elapsed time is 0.435 seconds.
Discarding redundant overtime data
Saving the result
Redundant overtime data has been discarded, elapsed time is 0.010 seconds.
Raw collector data has been discarded, elapsed time is 0.000 seconds.
Finalizing the result took 2.532 seconds.
Preparing data for display of survey call tree
Resolving module symbols
Resolving information for dangling locations
Resolving bottom user stack information
Resolving thread name information
Resolving call target names for dynamic code
Precomputing frequently used data
